Analysis & Synthesis report for freqCounter
Wed Nov 09 23:05:04 2016
Quartus II 64-Bit Version 13.0.1 Build 232 06/12/2013 Service Pack 1 SJ Web Edition


---------------------
; Table of Contents ;
---------------------
  1. Legal Notice
  2. Analysis & Synthesis Summary
  3. Analysis & Synthesis Settings
  4. Parallel Compilation
  5. Analysis & Synthesis Source Files Read
  6. Analysis & Synthesis Resource Usage Summary
  7. Analysis & Synthesis Resource Utilization by Entity
  8. User-Specified and Inferred Latches
  9. General Register Statistics
 10. Parameter Settings for User Entity Instance: PosEdgeCounter:counterModule
 11. Analysis & Synthesis Messages



----------------
; Legal Notice ;
----------------
Copyright (C) 1991-2013 Altera Corporation
Your use of Altera Corporation's design tools, logic functions 
and other software and tools, and its AMPP partner logic 
functions, and any output files from any of the foregoing 
(including device programming or simulation files), and any 
associated documentation or information are expressly subject 
to the terms and conditions of the Altera Program License 
Subscription Agreement, Altera MegaCore Function License 
Agreement, or other applicable license agreement, including, 
without limitation, that your use is for the sole purpose of 
programming logic devices manufactured by Altera and sold by 
Altera or its authorized distributors.  Please refer to the 
applicable agreement for further details.



+-------------------------------------------------------------------------------+
; Analysis & Synthesis Summary                                                  ;
+-----------------------------+-------------------------------------------------+
; Analysis & Synthesis Status ; Successful - Wed Nov 09 23:05:04 2016           ;
; Quartus II 64-Bit Version   ; 13.0.1 Build 232 06/12/2013 SP 1 SJ Web Edition ;
; Revision Name               ; freqCounter                                     ;
; Top-level Entity Name       ; freqCounter                                     ;
; Family                      ; MAX II                                          ;
; Total logic elements        ; 187                                             ;
; Total pins                  ; 9                                               ;
; Total virtual pins          ; 0                                               ;
; UFM blocks                  ; 0 / 1 ( 0 % )                                   ;
+-----------------------------+-------------------------------------------------+


+----------------------------------------------------------------------------------------------------------------------+
; Analysis & Synthesis Settings                                                                                        ;
+----------------------------------------------------------------------------+--------------------+--------------------+
; Option                                                                     ; Setting            ; Default Value      ;
+----------------------------------------------------------------------------+--------------------+--------------------+
; Device                                                                     ; EPM570T100C5       ;                    ;
; Top-level entity name                                                      ; freqCounter        ; freqCounter        ;
; Family name                                                                ; MAX II             ; Cyclone IV GX      ;
; Use smart compilation                                                      ; Off                ; Off                ;
; Enable parallel Assembler and TimeQuest Timing Analyzer during compilation ; On                 ; On                 ;
; Enable compact report table                                                ; Off                ; Off                ;
; Restructure Multiplexers                                                   ; Auto               ; Auto               ;
; Create Debugging Nodes for IP Cores                                        ; Off                ; Off                ;
; Preserve fewer node names                                                  ; On                 ; On                 ;
; Disable OpenCore Plus hardware evaluation                                  ; Off                ; Off                ;
; Verilog Version                                                            ; Verilog_2001       ; Verilog_2001       ;
; VHDL Version                                                               ; VHDL_1993          ; VHDL_1993          ;
; State Machine Processing                                                   ; Auto               ; Auto               ;
; Safe State Machine                                                         ; Off                ; Off                ;
; Extract Verilog State Machines                                             ; On                 ; On                 ;
; Extract VHDL State Machines                                                ; On                 ; On                 ;
; Ignore Verilog initial constructs                                          ; Off                ; Off                ;
; Iteration limit for constant Verilog loops                                 ; 5000               ; 5000               ;
; Iteration limit for non-constant Verilog loops                             ; 250                ; 250                ;
; Add Pass-Through Logic to Inferred RAMs                                    ; On                 ; On                 ;
; Infer RAMs from Raw Logic                                                  ; On                 ; On                 ;
; Parallel Synthesis                                                         ; On                 ; On                 ;
; NOT Gate Push-Back                                                         ; On                 ; On                 ;
; Power-Up Don't Care                                                        ; On                 ; On                 ;
; Remove Redundant Logic Cells                                               ; Off                ; Off                ;
; Remove Duplicate Registers                                                 ; On                 ; On                 ;
; Ignore CARRY Buffers                                                       ; Off                ; Off                ;
; Ignore CASCADE Buffers                                                     ; Off                ; Off                ;
; Ignore GLOBAL Buffers                                                      ; Off                ; Off                ;
; Ignore ROW GLOBAL Buffers                                                  ; Off                ; Off                ;
; Ignore LCELL Buffers                                                       ; Off                ; Off                ;
; Ignore SOFT Buffers                                                        ; On                 ; On                 ;
; Limit AHDL Integers to 32 Bits                                             ; Off                ; Off                ;
; Optimization Technique                                                     ; Balanced           ; Balanced           ;
; Carry Chain Length                                                         ; 70                 ; 70                 ;
; Auto Carry Chains                                                          ; On                 ; On                 ;
; Auto Open-Drain Pins                                                       ; On                 ; On                 ;
; Perform WYSIWYG Primitive Resynthesis                                      ; Off                ; Off                ;
; Auto Shift Register Replacement                                            ; Auto               ; Auto               ;
; Allow Shift Register Merging across Hierarchies                            ; Auto               ; Auto               ;
; Auto Clock Enable Replacement                                              ; On                 ; On                 ;
; Allow Synchronous Control Signals                                          ; On                 ; On                 ;
; Force Use of Synchronous Clear Signals                                     ; Off                ; Off                ;
; Auto Resource Sharing                                                      ; Off                ; Off                ;
; Use LogicLock Constraints during Resource Balancing                        ; On                 ; On                 ;
; Ignore translate_off and synthesis_off directives                          ; Off                ; Off                ;
; Report Parameter Settings                                                  ; On                 ; On                 ;
; Report Source Assignments                                                  ; On                 ; On                 ;
; Report Connectivity Checks                                                 ; On                 ; On                 ;
; Ignore Maximum Fan-Out Assignments                                         ; Off                ; Off                ;
; Synchronization Register Chain Length                                      ; 2                  ; 2                  ;
; PowerPlay Power Optimization                                               ; Normal compilation ; Normal compilation ;
; HDL message level                                                          ; Level2             ; Level2             ;
; Suppress Register Optimization Related Messages                            ; Off                ; Off                ;
; Number of Removed Registers Reported in Synthesis Report                   ; 5000               ; 5000               ;
; Number of Swept Nodes Reported in Synthesis Report                         ; 5000               ; 5000               ;
; Number of Inverted Registers Reported in Synthesis Report                  ; 100                ; 100                ;
; Clock MUX Protection                                                       ; On                 ; On                 ;
; Block Design Naming                                                        ; Auto               ; Auto               ;
; Synthesis Effort                                                           ; Auto               ; Auto               ;
; Shift Register Replacement - Allow Asynchronous Clear Signal               ; On                 ; On                 ;
; Pre-Mapping Resynthesis Optimization                                       ; Off                ; Off                ;
; Analysis & Synthesis Message Level                                         ; Medium             ; Medium             ;
; Disable Register Merging Across Hierarchies                                ; Auto               ; Auto               ;
; Synthesis Seed                                                             ; 1                  ; 1                  ;
+----------------------------------------------------------------------------+--------------------+--------------------+


Parallel compilation was disabled, but you have multiple processors available. Enable parallel compilation to reduce compilation time.
+-------------------------------------+
; Parallel Compilation                ;
+----------------------------+--------+
; Processors                 ; Number ;
+----------------------------+--------+
; Number detected on machine ; 4      ;
; Maximum allowed            ; 1      ;
+----------------------------+--------+


+----------------------------------------------------------------------------------------------------------------------------------------------+
; Analysis & Synthesis Source Files Read                                                                                                       ;
+----------------------------------+-----------------+------------------------+------------------------------------------------------+---------+
; File Name with User-Entered Path ; Used in Netlist ; File Type              ; File Name with Absolute Path                         ; Library ;
+----------------------------------+-----------------+------------------------+------------------------------------------------------+---------+
; freqCounter.v                    ; yes             ; User Verilog HDL File  ; C:/Users/thotgamma/Desktop/freqCounter/freqCounter.v ;         ;
+----------------------------------+-----------------+------------------------+------------------------------------------------------+---------+


+---------------------------------------------------------+
; Analysis & Synthesis Resource Usage Summary             ;
+---------------------------------------------+-----------+
; Resource                                    ; Usage     ;
+---------------------------------------------+-----------+
; Total logic elements                        ; 187       ;
;     -- Combinational with no register       ; 91        ;
;     -- Register only                        ; 33        ;
;     -- Combinational with a register        ; 63        ;
;                                             ;           ;
; Logic element usage by number of LUT inputs ;           ;
;     -- 4 input functions                    ; 55        ;
;     -- 3 input functions                    ; 36        ;
;     -- 2 input functions                    ; 60        ;
;     -- 1 input functions                    ; 3         ;
;     -- 0 input functions                    ; 0         ;
;                                             ;           ;
; Logic elements by mode                      ;           ;
;     -- normal mode                          ; 129       ;
;     -- arithmetic mode                      ; 58        ;
;     -- qfbk mode                            ; 0         ;
;     -- register cascade mode                ; 0         ;
;     -- synchronous clear/load mode          ; 26        ;
;     -- asynchronous clear/load mode         ; 37        ;
;                                             ;           ;
; Total registers                             ; 96        ;
; Total logic cells in carry chains           ; 61        ;
; I/O pins                                    ; 9         ;
; Maximum fan-out node                        ; Equal0~18 ;
; Maximum fan-out                             ; 59        ;
; Total fan-out                               ; 676       ;
; Average fan-out                             ; 3.45      ;
+---------------------------------------------+-----------+


+---------------------------------------------------------------------------------------------------------------------------------------------------------------------------------------------------------------------------------------------------+
; Analysis & Synthesis Resource Utilization by Entity                                                                                                                                                                                               ;
+-----------------------------------+-------------+--------------+------------+------+--------------+--------------+-------------------+------------------+-----------------+------------+-------------------------------------------+--------------+
; Compilation Hierarchy Node        ; Logic Cells ; LC Registers ; UFM Blocks ; Pins ; Virtual Pins ; LUT-Only LCs ; Register-Only LCs ; LUT/Register LCs ; Carry Chain LCs ; Packed LCs ; Full Hierarchy Name                       ; Library Name ;
+-----------------------------------+-------------+--------------+------------+------+--------------+--------------+-------------------+------------------+-----------------+------------+-------------------------------------------+--------------+
; |freqCounter                      ; 187 (155)   ; 96           ; 0          ; 9    ; 0            ; 91 (91)      ; 33 (33)           ; 63 (31)          ; 61 (30)         ; 0 (0)      ; |freqCounter                              ; work         ;
;    |PosEdgeCounter:counterModule| ; 32 (32)     ; 32           ; 0          ; 0    ; 0            ; 0 (0)        ; 0 (0)             ; 32 (32)          ; 31 (31)         ; 0 (0)      ; |freqCounter|PosEdgeCounter:counterModule ; work         ;
+-----------------------------------+-------------+--------------+------------+------+--------------+--------------+-------------------+------------------+-----------------+------------+-------------------------------------------+--------------+
Note: For table entries with two numbers listed, the numbers in parentheses indicate the number of resources of the given type used by the specific entity alone. The numbers listed outside of parentheses indicate the total resources of the given type used by the specific entity and all of its sub-entities in the hierarchy.


+----------------------------------------------------------------------------------------------------+
; User-Specified and Inferred Latches                                                                ;
+-----------------------------------------------------+---------------------+------------------------+
; Latch Name                                          ; Latch Enable Signal ; Free of Timing Hazards ;
+-----------------------------------------------------+---------------------+------------------------+
; capturedfCounter[10]                                ; shiftRst            ; yes                    ;
; capturedfCounter[12]                                ; shiftRst            ; yes                    ;
; capturedfCounter[8]                                 ; shiftRst            ; yes                    ;
; capturedfCounter[14]                                ; shiftRst            ; yes                    ;
; capturedfCounter[5]                                 ; shiftRst            ; yes                    ;
; capturedfCounter[3]                                 ; shiftRst            ; yes                    ;
; capturedfCounter[1]                                 ; shiftRst            ; yes                    ;
; capturedfCounter[7]                                 ; shiftRst            ; yes                    ;
; capturedfCounter[4]                                 ; shiftRst            ; yes                    ;
; capturedfCounter[2]                                 ; shiftRst            ; yes                    ;
; capturedfCounter[0]                                 ; shiftRst            ; yes                    ;
; capturedfCounter[6]                                 ; shiftRst            ; yes                    ;
; capturedfCounter[11]                                ; shiftRst            ; yes                    ;
; capturedfCounter[13]                                ; shiftRst            ; yes                    ;
; capturedfCounter[9]                                 ; shiftRst            ; yes                    ;
; capturedfCounter[15]                                ; shiftRst            ; yes                    ;
; capturedfCounter[19]                                ; shiftRst            ; yes                    ;
; capturedfCounter[26]                                ; shiftRst            ; yes                    ;
; capturedfCounter[18]                                ; shiftRst            ; yes                    ;
; capturedfCounter[27]                                ; shiftRst            ; yes                    ;
; capturedfCounter[28]                                ; shiftRst            ; yes                    ;
; capturedfCounter[21]                                ; shiftRst            ; yes                    ;
; capturedfCounter[20]                                ; shiftRst            ; yes                    ;
; capturedfCounter[29]                                ; shiftRst            ; yes                    ;
; capturedfCounter[17]                                ; shiftRst            ; yes                    ;
; capturedfCounter[24]                                ; shiftRst            ; yes                    ;
; capturedfCounter[16]                                ; shiftRst            ; yes                    ;
; capturedfCounter[25]                                ; shiftRst            ; yes                    ;
; capturedfCounter[30]                                ; shiftRst            ; yes                    ;
; capturedfCounter[23]                                ; shiftRst            ; yes                    ;
; capturedfCounter[22]                                ; shiftRst            ; yes                    ;
; capturedfCounter[31]                                ; shiftRst            ; yes                    ;
; Number of user-specified and inferred latches = 32  ;                     ;                        ;
+-----------------------------------------------------+---------------------+------------------------+
Note: All latches listed above may not be present at the end of synthesis due to various synthesis optimizations.


+------------------------------------------------------+
; General Register Statistics                          ;
+----------------------------------------------+-------+
; Statistic                                    ; Value ;
+----------------------------------------------+-------+
; Total registers                              ; 96    ;
; Number of registers using Synchronous Clear  ; 26    ;
; Number of registers using Synchronous Load   ; 0     ;
; Number of registers using Asynchronous Clear ; 37    ;
; Number of registers using Asynchronous Load  ; 0     ;
; Number of registers using Clock Enable       ; 32    ;
; Number of registers using Preset             ; 0     ;
+----------------------------------------------+-------+


+---------------------------------------------------------------------------+
; Parameter Settings for User Entity Instance: PosEdgeCounter:counterModule ;
+----------------+-------+--------------------------------------------------+
; Parameter Name ; Value ; Type                                             ;
+----------------+-------+--------------------------------------------------+
; length         ; 32    ; Signed Integer                                   ;
+----------------+-------+--------------------------------------------------+
Note: In order to hide this table in the UI and the text report file, please set the "Show Parameter Settings in Synthesis Report" option in "Analysis and Synthesis Settings -> More Settings" to "Off".


+-------------------------------+
; Analysis & Synthesis Messages ;
+-------------------------------+
Info: *******************************************************************
Info: Running Quartus II 64-Bit Analysis & Synthesis
    Info: Version 13.0.1 Build 232 06/12/2013 Service Pack 1 SJ Web Edition
    Info: Processing started: Wed Nov 09 23:05:02 2016
Info: Command: quartus_map --read_settings_files=on --write_settings_files=off freqCounter -c freqCounter
Warning (20028): Parallel compilation is not licensed and has been disabled
Info (12021): Found 2 design units, including 2 entities, in source file freqcounter.v
    Info (12023): Found entity 1: freqCounter
    Info (12023): Found entity 2: PosEdgeCounter
Info (12127): Elaborating entity "freqCounter" for the top level hierarchy
Warning (10230): Verilog HDL assignment warning at freqCounter.v(54): truncated value with size 32 to match size of target (26)
Warning (10230): Verilog HDL assignment warning at freqCounter.v(65): truncated value with size 32 to match size of target (5)
Warning (10240): Verilog HDL Always Construct warning at freqCounter.v(59): inferring latch(es) for variable "capturedfCounter", which holds its previous value in one or more paths through the always construct
Info (10041): Inferred latch for "capturedfCounter[0]" at freqCounter.v(59)
Info (10041): Inferred latch for "capturedfCounter[1]" at freqCounter.v(59)
Info (10041): Inferred latch for "capturedfCounter[2]" at freqCounter.v(59)
Info (10041): Inferred latch for "capturedfCounter[3]" at freqCounter.v(59)
Info (10041): Inferred latch for "capturedfCounter[4]" at freqCounter.v(59)
Info (10041): Inferred latch for "capturedfCounter[5]" at freqCounter.v(59)
Info (10041): Inferred latch for "capturedfCounter[6]" at freqCounter.v(59)
Info (10041): Inferred latch for "capturedfCounter[7]" at freqCounter.v(59)
Info (10041): Inferred latch for "capturedfCounter[8]" at freqCounter.v(59)
Info (10041): Inferred latch for "capturedfCounter[9]" at freqCounter.v(59)
Info (10041): Inferred latch for "capturedfCounter[10]" at freqCounter.v(59)
Info (10041): Inferred latch for "capturedfCounter[11]" at freqCounter.v(59)
Info (10041): Inferred latch for "capturedfCounter[12]" at freqCounter.v(59)
Info (10041): Inferred latch for "capturedfCounter[13]" at freqCounter.v(59)
Info (10041): Inferred latch for "capturedfCounter[14]" at freqCounter.v(59)
Info (10041): Inferred latch for "capturedfCounter[15]" at freqCounter.v(59)
Info (10041): Inferred latch for "capturedfCounter[16]" at freqCounter.v(59)
Info (10041): Inferred latch for "capturedfCounter[17]" at freqCounter.v(59)
Info (10041): Inferred latch for "capturedfCounter[18]" at freqCounter.v(59)
Info (10041): Inferred latch for "capturedfCounter[19]" at freqCounter.v(59)
Info (10041): Inferred latch for "capturedfCounter[20]" at freqCounter.v(59)
Info (10041): Inferred latch for "capturedfCounter[21]" at freqCounter.v(59)
Info (10041): Inferred latch for "capturedfCounter[22]" at freqCounter.v(59)
Info (10041): Inferred latch for "capturedfCounter[23]" at freqCounter.v(59)
Info (10041): Inferred latch for "capturedfCounter[24]" at freqCounter.v(59)
Info (10041): Inferred latch for "capturedfCounter[25]" at freqCounter.v(59)
Info (10041): Inferred latch for "capturedfCounter[26]" at freqCounter.v(59)
Info (10041): Inferred latch for "capturedfCounter[27]" at freqCounter.v(59)
Info (10041): Inferred latch for "capturedfCounter[28]" at freqCounter.v(59)
Info (10041): Inferred latch for "capturedfCounter[29]" at freqCounter.v(59)
Info (10041): Inferred latch for "capturedfCounter[30]" at freqCounter.v(59)
Info (10041): Inferred latch for "capturedfCounter[31]" at freqCounter.v(59)
Info (12128): Elaborating entity "PosEdgeCounter" for hierarchy "PosEdgeCounter:counterModule"
Info (21057): Implemented 196 device resources after synthesis - the final resource count might be different
    Info (21058): Implemented 8 input pins
    Info (21059): Implemented 1 output pins
    Info (21061): Implemented 187 logic cells
Info: Quartus II 64-Bit Analysis & Synthesis was successful. 0 errors, 4 warnings
    Info: Peak virtual memory: 457 megabytes
    Info: Processing ended: Wed Nov 09 23:05:04 2016
    Info: Elapsed time: 00:00:02
    Info: Total CPU time (on all processors): 00:00:01


